<?xml version="1.0" encoding="UTF-8"?>
<!-- Generated by org.testng.reporters.JUnitXMLReporter -->
<testsuite hostname="Rabi" name="SmokeScenario" tests="3" failures="2" timestamp="14 Jan 2017 15:22:49 GMT" time="20.207" errors="0">
  <testcase name="testHomePage" time="0.354" classname="testcases.VerifyLoginPage"/>
  <testcase name="testHomePage" time="0.022" classname="testcases.VerifyHomePage">
    <failure type="java.lang.AssertionError" message="expected [true] but found [false]">
      <![CDATA[java.lang.AssertionError: expected [true] but found [false]
	at testcases.VerifyHomePage.testHomePage(VerifyHomePage.java:36)
... Removed 28 stack frames]]>
    </failure>
  </testcase> <!-- testHomePage -->
  <testcase name="testHomePage" time="0.003" classname="testcases.VerifyLoginPageWithReports">
    <failure type="java.lang.Error" message="Unresolved compilation problem: 
	The method ClickOnLogonLink() is undefined for the type HomePage
">
      <![CDATA[java.lang.Error: Unresolved compilation problem: 
	The method ClickOnLogonLink() is undefined for the type HomePage

	at testcases.VerifyLoginPageWithReports.testHomePage(VerifyLoginPageWithReports.java:47)
... Removed 24 stack frames]]>
    </failure>
  </testcase> <!-- testHomePage -->
</testsuite> <!-- SmokeScenario -->
